This is XeTeX, Version 3.14159265-2.6-0.999992 (TeX Live 2020/W32TeX) (preloaded format=xelatex 2020.12.6)  28 JAN 2021 15:53
entering extended mode
 restricted \write18 enabled.
 %&-line parsing enabled.
**Computational-Probability-and-Statistics.tex
(./Computational-Probability-and-Statistics.tex
LaTeX2e <2020-10-01> patch level 2
L3 programming layer <2020-12-03> xparse <2020-03-03>
(c:/Users/Brad.Warner/AppData/Roaming/TinyTeX/texmf-dist/tex/latex/base/book.cl
s
Document Class: book 2020/04/10 v1.4m Standard LaTeX document class

(c:/Users/Brad.Warner/AppData/Roaming/TinyTeX/texmf-dist/tex/latex/base/bk10.cl
o
File: bk10.clo 2020/04/10 v1.4m Standard LaTeX file (size option)
)
\c@part=\count173
\c@chapter=\count174
\c@section=\count175
\c@subsection=\count176
\c@subsubsection=\count177
\c@paragraph=\count178
\c@subparagraph=\count179
\c@figure=\count180
\c@table=\count181
\abovecaptionskip=\skip47
\belowcaptionskip=\skip48
\bibindent=\dimen138
)
(c:/Users/Brad.Warner/AppData/Roaming/TinyTeX/texmf-dist/tex/latex/lm/lmodern.s
ty
Package: lmodern 2009/10/30 v1.6 Latin Modern Fonts
LaTeX Font Info:    Overwriting symbol font `operators' in version `normal'
(Font)                  OT1/cmr/m/n --> OT1/lmr/m/n on input line 22.
LaTeX Font Info:    Overwriting symbol font `letters' in version `normal'
(Font)                  OML/cmm/m/it --> OML/lmm/m/it on input line 23.
LaTeX Font Info:    Overwriting symbol font `symbols' in version `normal'
(Font)                  OMS/cmsy/m/n --> OMS/lmsy/m/n on input line 24.
LaTeX Font Info:    Overwriting symbol font `largesymbols' in version `normal'
(Font)                  OMX/cmex/m/n --> OMX/lmex/m/n on input line 25.
LaTeX Font Info:    Overwriting symbol font `operators' in version `bold'
(Font)                  OT1/cmr/bx/n --> OT1/lmr/bx/n on input line 26.
LaTeX Font Info:    Overwriting symbol font `letters' in version `bold'
(Font)                  OML/cmm/b/it --> OML/lmm/b/it on input line 27.
LaTeX Font Info:    Overwriting symbol font `symbols' in version `bold'
(Font)                  OMS/cmsy/b/n --> OMS/lmsy/b/n on input line 28.
LaTeX Font Info:    Overwriting symbol font `largesymbols' in version `bold'
(Font)                  OMX/cmex/m/n --> OMX/lmex/m/n on input line 29.
LaTeX Font Info:    Overwriting math alphabet `\mathbf' in version `normal'
(Font)                  OT1/cmr/bx/n --> OT1/lmr/bx/n on input line 31.
LaTeX Font Info:    Overwriting math alphabet `\mathsf' in version `normal'
(Font)                  OT1/cmss/m/n --> OT1/lmss/m/n on input line 32.
LaTeX Font Info:    Overwriting math alphabet `\mathit' in version `normal'
(Font)                  OT1/cmr/m/it --> OT1/lmr/m/it on input line 33.
LaTeX Font Info:    Overwriting math alphabet `\mathtt' in version `normal'
(Font)                  OT1/cmtt/m/n --> OT1/lmtt/m/n on input line 34.
LaTeX Font Info:    Overwriting math alphabet `\mathbf' in version `bold'
(Font)                  OT1/cmr/bx/n --> OT1/lmr/bx/n on input line 35.
LaTeX Font Info:    Overwriting math alphabet `\mathsf' in version `bold'
(Font)                  OT1/cmss/bx/n --> OT1/lmss/bx/n on input line 36.
LaTeX Font Info:    Overwriting math alphabet `\mathit' in version `bold'
(Font)                  OT1/cmr/bx/it --> OT1/lmr/bx/it on input line 37.
LaTeX Font Info:    Overwriting math alphabet `\mathtt' in version `bold'
(Font)                  OT1/cmtt/m/n --> OT1/lmtt/m/n on input line 38.
)
(c:/Users/Brad.Warner/AppData/Roaming/TinyTeX/texmf-dist/tex/latex/amsfonts/ams
symb.sty
Package: amssymb 2013/01/14 v3.01 AMS font symbols

(c:/Users/Brad.Warner/AppData/Roaming/TinyTeX/texmf-dist/tex/latex/amsfonts/ams
fonts.sty
Package: amsfonts 2013/01/14 v3.01 Basic AMSFonts support
\@emptytoks=\toks15
\symAMSa=\mathgroup4
\symAMSb=\mathgroup5
LaTeX Font Info:    Redeclaring math symbol \hbar on input line 98.
LaTeX Font Info:    Overwriting math alphabet `\mathfrak' in version `bold'
(Font)                  U/euf/m/n --> U/euf/b/n on input line 106.
))
(c:/Users/Brad.Warner/AppData/Roaming/TinyTeX/texmf-dist/tex/latex/amsmath/amsm
ath.sty
Package: amsmath 2020/09/23 v2.17i AMS math features
\@mathmargin=\skip49
For additional information on amsmath, use the `?' option.

(c:/Users/Brad.Warner/AppData/Roaming/TinyTeX/texmf-dist/tex/latex/amsmath/amst
ext.sty
Package: amstext 2000/06/29 v2.01 AMS text

(c:/Users/Brad.Warner/AppData/Roaming/TinyTeX/texmf-dist/tex/latex/amsmath/amsg
en.sty
File: amsgen.sty 1999/11/30 v2.0 generic functions
\@emptytoks=\toks16
\ex@=\dimen139
))
(c:/Users/Brad.Warner/AppData/Roaming/TinyTeX/texmf-dist/tex/latex/amsmath/amsb
sy.sty
Package: amsbsy 1999/11/29 v1.2d Bold Symbols
\pmbraise@=\dimen140
)
(c:/Users/Brad.Warner/AppData/Roaming/TinyTeX/texmf-dist/tex/latex/amsmath/amso
pn.sty
Package: amsopn 2016/03/08 v2.02 operator names
)
\inf@bad=\count182
LaTeX Info: Redefining \frac on input line 234.
\uproot@=\count183
\leftroot@=\count184
LaTeX Info: Redefining \overline on input line 399.
\classnum@=\count185
\DOTSCASE@=\count186
LaTeX Info: Redefining \ldots on input line 496.
LaTeX Info: Redefining \dots on input line 499.
LaTeX Info: Redefining \cdots on input line 620.
\Mathstrutbox@=\box47
\strutbox@=\box48
\big@size=\dimen141
LaTeX Font Info:    Redeclaring font encoding OML on input line 743.
LaTeX Font Info:    Redeclaring font encoding OMS on input line 744.
\macc@depth=\count187
\c@MaxMatrixCols=\count188
\dotsspace@=\muskip16
\c@parentequation=\count189
\dspbrk@lvl=\count190
\tag@help=\toks17
\row@=\count191
\column@=\count192
\maxfields@=\count193
\andhelp@=\toks18
\eqnshift@=\dimen142
\alignsep@=\dimen143
\tagshift@=\dimen144
\tagwidth@=\dimen145
\totwidth@=\dimen146
\lineht@=\dimen147
\@envbody=\toks19
\multlinegap=\skip50
\multlinetaggap=\skip51
\mathdisplay@stack=\toks20
LaTeX Info: Redefining \[ on input line 2923.
LaTeX Info: Redefining \] on input line 2924.
)
(c:/Users/Brad.Warner/AppData/Roaming/TinyTeX/texmf-dist/tex/generic/iftex/ifxe
tex.sty
Package: ifxetex 2019/10/25 v0.7 ifxetex legacy package. Use iftex instead.

(c:/Users/Brad.Warner/AppData/Roaming/TinyTeX/texmf-dist/tex/generic/iftex/ifte
x.sty
Package: iftex 2020/03/06 v1.0d TeX engine tests
))
(c:/Users/Brad.Warner/AppData/Roaming/TinyTeX/texmf-dist/tex/generic/iftex/iflu
atex.sty
Package: ifluatex 2019/10/25 v1.5 ifluatex legacy package. Use iftex instead.
)
(c:/Users/Brad.Warner/AppData/Roaming/TinyTeX/texmf-dist/tex/latex/unicode-math
/unicode-math.sty
(c:/Users/Brad.Warner/AppData/Roaming/TinyTeX/texmf-dist/tex/latex/l3kernel/exp
l3.sty
Package: expl3 2020-12-03 L3 programming layer (loader) 

(c:/Users/Brad.Warner/AppData/Roaming/TinyTeX/texmf-dist/tex/latex/l3backend/l3
backend-xetex.def
File: l3backend-xetex.def 2020-09-24 L3 backend support: XeTeX
\g__graphics_track_int=\count194
\l__pdf_internal_box=\box49
\g__pdf_backend_object_int=\count195
\g__pdf_backend_annotation_int=\count196
))
Package: unicode-math 2020/01/31 v0.8q Unicode maths in XeLaTeX and LuaLaTeX

(c:/Users/Brad.Warner/AppData/Roaming/TinyTeX/texmf-dist/tex/latex/unicode-math
/unicode-math-xetex.sty
Package: unicode-math-xetex 2020/01/31 v0.8q Unicode maths in XeLaTeX and LuaLa
TeX

(c:/Users/Brad.Warner/AppData/Roaming/TinyTeX/texmf-dist/tex/latex/l3packages/x
parse/xparse.sty
Package: xparse 2020-10-27 L3 Experimental document command parser

(c:/Users/Brad.Warner/AppData/Roaming/TinyTeX/texmf-dist/tex/latex/l3packages/x
parse/xparse-generic.tex))
(c:/Users/Brad.Warner/AppData/Roaming/TinyTeX/texmf-dist/tex/latex/l3packages/l
3keys2e/l3keys2e.sty
Package: l3keys2e 2020-10-27 LaTeX2e option processing using LaTeX3 keys
)
(c:/Users/Brad.Warner/AppData/Roaming/TinyTeX/texmf-dist/tex/latex/fontspec/fon
tspec.sty
Package: fontspec 2020/02/21 v2.7i Font selection for XeLaTeX and LuaLaTeX

(c:/Users/Brad.Warner/AppData/Roaming/TinyTeX/texmf-dist/tex/latex/fontspec/fon
tspec-xetex.sty
Package: fontspec-xetex 2020/02/21 v2.7i Font selection for XeLaTeX and LuaLaTe
X
\l__fontspec_script_int=\count197
\l__fontspec_language_int=\count198
\l__fontspec_strnum_int=\count199
\l__fontspec_tmp_int=\count266
\l__fontspec_tmpa_int=\count267
\l__fontspec_tmpb_int=\count268
\l__fontspec_tmpc_int=\count269
\l__fontspec_em_int=\count270
\l__fontspec_emdef_int=\count271
\l__fontspec_strong_int=\count272
\l__fontspec_strongdef_int=\count273
\l__fontspec_tmpa_dim=\dimen148
\l__fontspec_tmpb_dim=\dimen149
\l__fontspec_tmpc_dim=\dimen150

(c:/Users/Brad.Warner/AppData/Roaming/TinyTeX/texmf-dist/tex/latex/base/fontenc
.sty
Package: fontenc 2020/08/10 v2.0s Standard LaTeX package
)
(c:/Users/Brad.Warner/AppData/Roaming/TinyTeX/texmf-dist/tex/latex/fontspec/fon
tspec.cfg)))
(c:/Users/Brad.Warner/AppData/Roaming/TinyTeX/texmf-dist/tex/latex/base/fix-cm.
sty
Package: fix-cm 2015/01/14 v1.1t fixes to LaTeX

(c:/Users/Brad.Warner/AppData/Roaming/TinyTeX/texmf-dist/tex/latex/base/ts1enc.
def
File: ts1enc.def 2001/06/05 v3.0e (jk/car/fm) Standard LaTeX file
LaTeX Font Info:    Redeclaring font encoding TS1 on input line 47.
))
\g__um_fam_int=\count274
\g__um_fonts_used_int=\count275
\l__um_primecount_int=\count276
\g__um_primekern_muskip=\muskip17

(c:/Users/Brad.Warner/AppData/Roaming/TinyTeX/texmf-dist/tex/latex/unicode-math
/unicode-math-table.tex)))
(c:/Users/Brad.Warner/AppData/Roaming/TinyTeX/texmf-dist/tex/latex/xcolor/xcolo
r.sty
Package: xcolor 2016/05/11 v2.12 LaTeX color extensions (UK)

(c:/Users/Brad.Warner/AppData/Roaming/TinyTeX/texmf-dist/tex/latex/graphics-cfg
/color.cfg
File: color.cfg 2016/01/02 v1.6 sample color configuration
)
Package xcolor Info: Driver file: xetex.def on input line 225.

(c:/Users/Brad.Warner/AppData/Roaming/TinyTeX/texmf-dist/tex/latex/graphics-def
/xetex.def
File: xetex.def 2020/08/26 v5.0i Graphics/color driver for xetex
)
Package xcolor Info: Model `cmy' substituted by `cmy0' on input line 1348.
Package xcolor Info: Model `RGB' extended on input line 1364.
Package xcolor Info: Model `HTML' substituted by `rgb' on input line 1366.
Package xcolor Info: Model `Hsb' substituted by `hsb' on input line 1367.
Package xcolor Info: Model `tHsb' substituted by `hsb' on input line 1368.
Package xcolor Info: Model `HSB' substituted by `hsb' on input line 1369.
Package xcolor Info: Model `Gray' substituted by `gray' on input line 1370.
Package xcolor Info: Model `wave' substituted by `hsb' on input line 1371.
)
(c:/Users/Brad.Warner/AppData/Roaming/TinyTeX/texmf-dist/tex/latex/hyperref/hyp
erref.sty
Package: hyperref 2020-05-15 v7.00e Hypertext links for LaTeX

(c:/Users/Brad.Warner/AppData/Roaming/TinyTeX/texmf-dist/tex/generic/ltxcmds/lt
xcmds.sty
Package: ltxcmds 2020-05-10 v1.25 LaTeX kernel commands for general use (HO)
)
(c:/Users/Brad.Warner/AppData/Roaming/TinyTeX/texmf-dist/tex/generic/pdftexcmds
/pdftexcmds.sty
Package: pdftexcmds 2020-06-27 v0.33 Utility functions of pdfTeX for LuaTeX (HO
)

(c:/Users/Brad.Warner/AppData/Roaming/TinyTeX/texmf-dist/tex/generic/infwarerr/
infwarerr.sty
Package: infwarerr 2019/12/03 v1.5 Providing info/warning/error messages (HO)
)
Package pdftexcmds Info: \pdf@primitive is available.
Package pdftexcmds Info: \pdf@ifprimitive is available.
Package pdftexcmds Info: \pdfdraftmode not found.
)
(c:/Users/Brad.Warner/AppData/Roaming/TinyTeX/texmf-dist/tex/latex/graphics/key
val.sty
Package: keyval 2014/10/28 v1.15 key=value parser (DPC)
\KV@toks@=\toks21
)
(c:/Users/Brad.Warner/AppData/Roaming/TinyTeX/texmf-dist/tex/generic/kvsetkeys/
kvsetkeys.sty
Package: kvsetkeys 2019/12/15 v1.18 Key value parser (HO)
)
(c:/Users/Brad.Warner/AppData/Roaming/TinyTeX/texmf-dist/tex/generic/kvdefineke
ys/kvdefinekeys.sty
Package: kvdefinekeys 2019-12-19 v1.6 Define keys (HO)
)
(c:/Users/Brad.Warner/AppData/Roaming/TinyTeX/texmf-dist/tex/generic/pdfescape/
pdfescape.sty
Package: pdfescape 2019/12/09 v1.15 Implements pdfTeX's escape features (HO)
)
(c:/Users/Brad.Warner/AppData/Roaming/TinyTeX/texmf-dist/tex/latex/hycolor/hyco
lor.sty
Package: hycolor 2020-01-27 v1.10 Color options for hyperref/bookmark (HO)
)
(c:/Users/Brad.Warner/AppData/Roaming/TinyTeX/texmf-dist/tex/latex/letltxmacro/
letltxmacro.sty
Package: letltxmacro 2019/12/03 v1.6 Let assignment for LaTeX macros (HO)
)
(c:/Users/Brad.Warner/AppData/Roaming/TinyTeX/texmf-dist/tex/latex/auxhook/auxh
ook.sty
Package: auxhook 2019-12-17 v1.6 Hooks for auxiliary files (HO)
)
(c:/Users/Brad.Warner/AppData/Roaming/TinyTeX/texmf-dist/tex/latex/kvoptions/kv
options.sty
Package: kvoptions 2020-10-07 v3.14 Key value format for package options (HO)
)
\@linkdim=\dimen151
\Hy@linkcounter=\count277
\Hy@pagecounter=\count278

(c:/Users/Brad.Warner/AppData/Roaming/TinyTeX/texmf-dist/tex/latex/hyperref/pd1
enc.def
File: pd1enc.def 2020-05-15 v7.00e Hyperref: PDFDocEncoding definition (HO)
)
(c:/Users/Brad.Warner/AppData/Roaming/TinyTeX/texmf-dist/tex/generic/intcalc/in
tcalc.sty
Package: intcalc 2019/12/15 v1.3 Expandable calculations with integers (HO)
)
(c:/Users/Brad.Warner/AppData/Roaming/TinyTeX/texmf-dist/tex/generic/etexcmds/e
texcmds.sty
Package: etexcmds 2019/12/15 v1.7 Avoid name clashes with e-TeX commands (HO)
)
\Hy@SavedSpaceFactor=\count279
Package hyperref Info: Option `unicode' set `true' on input line 4338.

(c:/Users/Brad.Warner/AppData/Roaming/TinyTeX/texmf-dist/tex/latex/hyperref/pue
nc.def
File: puenc.def 2020-05-15 v7.00e Hyperref: PDF Unicode definition (HO)
)
Package hyperref Info: Hyper figures OFF on input line 4464.
Package hyperref Info: Link nesting OFF on input line 4469.
Package hyperref Info: Hyper index ON on input line 4472.
Package hyperref Info: Plain pages OFF on input line 4479.
Package hyperref Info: Backreferencing OFF on input line 4484.
Package hyperref Info: Implicit mode ON; LaTeX internals redefined.
Package hyperref Info: Bookmarks ON on input line 4717.
\c@Hy@tempcnt=\count280
(c:/Users/Brad.Warner/AppData/Roaming/TinyTeX/texmf-dist/tex/latex/url/url.sty
\Urlmuskip=\muskip18
Package: url 2013/09/16  ver 3.4  Verb mode for urls, etc.
)
LaTeX Info: Redefining \url on input line 5076.
\XeTeXLinkMargin=\dimen152

(c:/Users/Brad.Warner/AppData/Roaming/TinyTeX/texmf-dist/tex/generic/bitset/bit
set.sty
Package: bitset 2019/12/09 v1.3 Handle bit-vector datatype (HO)

(c:/Users/Brad.Warner/AppData/Roaming/TinyTeX/texmf-dist/tex/generic/bigintcalc
/bigintcalc.sty
Package: bigintcalc 2019/12/15 v1.5 Expandable calculations on big integers (HO
)
))
\Fld@menulength=\count281
\Field@Width=\dimen153
\Fld@charsize=\dimen154
Package hyperref Info: Hyper figures OFF on input line 6347.
Package hyperref Info: Link nesting OFF on input line 6352.
Package hyperref Info: Hyper index ON on input line 6355.
Package hyperref Info: backreferencing OFF on input line 6362.
Package hyperref Info: Link coloring OFF on input line 6367.
Package hyperref Info: Link coloring with OCG OFF on input line 6372.
Package hyperref Info: PDF/A mode OFF on input line 6377.
LaTeX Info: Redefining \ref on input line 6417.
LaTeX Info: Redefining \pageref on input line 6421.

(c:/Users/Brad.Warner/AppData/Roaming/TinyTeX/texmf-dist/tex/latex/base/atbegsh
i-ltx.sty
Package: atbegshi-ltx 2020/08/17 v1.0a Emulation of the original atbegshi packa
ge
with kernel methods
)
\Hy@abspage=\count282
\c@Item=\count283
\c@Hfootnote=\count284
)
Package hyperref Info: Driver (autodetected): hxetex.

(c:/Users/Brad.Warner/AppData/Roaming/TinyTeX/texmf-dist/tex/latex/hyperref/hxe
tex.def
File: hxetex.def 2020-05-15 v7.00e Hyperref driver for XeTeX

(c:/Users/Brad.Warner/AppData/Roaming/TinyTeX/texmf-dist/tex/generic/stringenc/
stringenc.sty
Package: stringenc 2019/11/29 v1.12 Convert strings between diff. encodings (HO
)
)
\pdfm@box=\box50
\c@Hy@AnnotLevel=\count285
\HyField@AnnotCount=\count286
\Fld@listcount=\count287
\c@bookmark@seq@number=\count288

(c:/Users/Brad.Warner/AppData/Roaming/TinyTeX/texmf-dist/tex/latex/rerunfileche
ck/rerunfilecheck.sty
Package: rerunfilecheck 2019/12/05 v1.9 Rerun checks for auxiliary files (HO)

(c:/Users/Brad.Warner/AppData/Roaming/TinyTeX/texmf-dist/tex/latex/base/atverye
nd-ltx.sty
Package: atveryend-ltx 2020/08/19 v1.0a Emulation of the original atvery packag
e
with kernel methods
)
(c:/Users/Brad.Warner/AppData/Roaming/TinyTeX/texmf-dist/tex/generic/uniquecoun
ter/uniquecounter.sty
Package: uniquecounter 2019/12/15 v1.4 Provide unlimited unique counter (HO)
)
Package uniquecounter Info: New unique counter `rerunfilecheck' on input line 2
86.
)
\Hy@SectionHShift=\skip52
)
(c:/Users/Brad.Warner/AppData/Roaming/TinyTeX/texmf-dist/tex/latex/fancyvrb/fan
cyvrb.sty
Package: fancyvrb 2020/05/03 v3.6 verbatim text (tvz,hv)
\FV@CodeLineNo=\count289
\FV@InFile=\read2
\FV@TabBox=\box51
\c@FancyVerbLine=\count290
\FV@StepNumber=\count291
\FV@OutFile=\write3
)
(c:/Users/Brad.Warner/AppData/Roaming/TinyTeX/texmf-dist/tex/latex/framed/frame
d.sty
Package: framed 2011/10/22 v 0.96: framed or shaded text with page breaks
\OuterFrameSep=\skip53
\fb@frw=\dimen155
\fb@frh=\dimen156
\FrameRule=\dimen157
\FrameSep=\dimen158
)
(c:/Users/Brad.Warner/AppData/Roaming/TinyTeX/texmf-dist/tex/latex/tools/longta
ble.sty
Package: longtable 2020/01/07 v4.13 Multi-page Table package (DPC)
\LTleft=\skip54
\LTright=\skip55
\LTpre=\skip56
\LTpost=\skip57
\LTchunksize=\count292
\LTcapwidth=\dimen159
\LT@head=\box52
\LT@firsthead=\box53
\LT@foot=\box54
\LT@lastfoot=\box55
\LT@cols=\count293
\LT@rows=\count294
\c@LT@tables=\count295
\c@LT@chunks=\count296
\LT@p@ftn=\toks22
)
(c:/Users/Brad.Warner/AppData/Roaming/TinyTeX/texmf-dist/tex/latex/booktabs/boo
ktabs.sty
Package: booktabs 2020/01/12 v1.61803398 Publication quality tables
\heavyrulewidth=\dimen160
\lightrulewidth=\dimen161
\cmidrulewidth=\dimen162
\belowrulesep=\dimen163
\belowbottomsep=\dimen164
\aboverulesep=\dimen165
\abovetopsep=\dimen166
\cmidrulesep=\dimen167
\cmidrulekern=\dimen168
\defaultaddspace=\dimen169
\@cmidla=\count297
\@cmidlb=\count298
\@aboverulesep=\dimen170
\@belowrulesep=\dimen171
\@thisruleclass=\count299
\@lastruleclass=\count300
\@thisrulewidth=\dimen172
)
(c:/Users/Brad.Warner/AppData/Roaming/TinyTeX/texmf-dist/tex/latex/etoolbox/eto
olbox.sty
Package: etoolbox 2020/10/05 v2.5k e-TeX tools for LaTeX (JAW)
\etb@tempcnta=\count301
)
(c:/Users/Brad.Warner/AppData/Roaming/TinyTeX/texmf-dist/tex/latex/mdwtools/foo
tnote.sty
Package: footnote 1997/01/28 1.13 Save footnotes around boxes
\fn@notes=\box56
\fn@width=\dimen173
)
(c:/Users/Brad.Warner/AppData/Roaming/TinyTeX/texmf-dist/tex/latex/graphics/gra
phicx.sty
Package: graphicx 2020/09/09 v1.2b Enhanced LaTeX Graphics (DPC,SPQR)

(c:/Users/Brad.Warner/AppData/Roaming/TinyTeX/texmf-dist/tex/latex/graphics/gra
phics.sty
Package: graphics 2020/08/30 v1.4c Standard LaTeX Graphics (DPC,SPQR)

(c:/Users/Brad.Warner/AppData/Roaming/TinyTeX/texmf-dist/tex/latex/graphics/tri
g.sty
Package: trig 2016/01/03 v1.10 sin cos tan (DPC)
)
(c:/Users/Brad.Warner/AppData/Roaming/TinyTeX/texmf-dist/tex/latex/graphics-cfg
/graphics.cfg
File: graphics.cfg 2016/06/04 v1.11 sample graphics configuration
)
Package graphics Info: Driver file: xetex.def on input line 105.
)
\Gin@req@height=\dimen174
\Gin@req@width=\dimen175
)
(c:/Users/Brad.Warner/AppData/Roaming/TinyTeX/texmf-dist/tex/latex/grffile/grff
ile.sty
Package: grffile 2019/11/11 v2.1 Extended file name support for graphics (legac
y)
Package grffile Info: This package is an empty stub for compatibility on input 
line 40.
)
(c:/Users/Brad.Warner/AppData/Roaming/TinyTeX/texmf-dist/tex/latex/natbib/natbi
b.sty
Package: natbib 2010/09/13 8.31b (PWD, AO)
\bibhang=\skip58
\bibsep=\skip59
LaTeX Info: Redefining \cite on input line 694.
\c@NAT@ctr=\count302
) (./Computational-Probability-and-Statistics.aux)
\openout1 = `Computational-Probability-and-Statistics.aux'.

LaTeX Font Info:    Checking defaults for OML/cmm/m/it on input line 124.
LaTeX Font Info:    ... okay on input line 124.
LaTeX Font Info:    Checking defaults for OMS/cmsy/m/n on input line 124.
LaTeX Font Info:    ... okay on input line 124.
LaTeX Font Info:    Checking defaults for OT1/cmr/m/n on input line 124.
LaTeX Font Info:    ... okay on input line 124.
LaTeX Font Info:    Checking defaults for T1/cmr/m/n on input line 124.
LaTeX Font Info:    ... okay on input line 124.
LaTeX Font Info:    Checking defaults for TS1/cmr/m/n on input line 124.
LaTeX Font Info:    ... okay on input line 124.
LaTeX Font Info:    Checking defaults for TU/lmr/m/n on input line 124.
LaTeX Font Info:    ... okay on input line 124.
LaTeX Font Info:    Checking defaults for OMX/cmex/m/n on input line 124.
LaTeX Font Info:    ... okay on input line 124.
LaTeX Font Info:    Checking defaults for U/cmr/m/n on input line 124.
LaTeX Font Info:    ... okay on input line 124.
LaTeX Font Info:    Checking defaults for PD1/pdf/m/n on input line 124.
LaTeX Font Info:    ... okay on input line 124.
LaTeX Font Info:    Checking defaults for PU/pdf/m/n on input line 124.
LaTeX Font Info:    ... okay on input line 124.
LaTeX Font Info:    Overwriting math alphabet `\mathrm' in version `normal'
(Font)                  OT1/lmr/m/n --> TU/lmr/m/n on input line 124.
LaTeX Font Info:    Overwriting math alphabet `\mathit' in version `normal'
(Font)                  OT1/lmr/m/it --> TU/lmr/m/it on input line 124.
LaTeX Font Info:    Overwriting math alphabet `\mathbf' in version `normal'
(Font)                  OT1/lmr/bx/n --> TU/lmr/bx/n on input line 124.
LaTeX Font Info:    Overwriting math alphabet `\mathsf' in version `normal'
(Font)                  OT1/lmss/m/n --> TU/lmss/m/n on input line 124.
LaTeX Font Info:    Overwriting math alphabet `\mathsf' in version `bold'
(Font)                  OT1/lmss/bx/n --> TU/lmss/bx/n on input line 124.
LaTeX Font Info:    Overwriting math alphabet `\mathtt' in version `normal'
(Font)                  OT1/lmtt/m/n --> TU/lmtt/m/n on input line 124.
LaTeX Font Info:    Overwriting math alphabet `\mathtt' in version `bold'
(Font)                  OT1/lmtt/m/n --> TU/lmtt/bx/n on input line 124.

Package fontspec Info: latinmodern-math scale = 0.9999964596882403.


Package fontspec Info: latinmodern-math scale = 0.9999964596882403.


Package fontspec Info: latinmodern-math scale = 0.9999964596882403.


Package fontspec Info: Font family 'latinmodern-math.otf(0)' created for font
(fontspec)             'latinmodern-math.otf' with options
(fontspec)             [Scale=MatchLowercase,BoldItalicFont={},ItalicFont={},Sm
allCapsFont={},Script=Math,BoldFont={latinmodern-math.otf}].
(fontspec)              
(fontspec)              This font family consists of the following NFSS
(fontspec)             series/shapes:
(fontspec)              
(fontspec)             - 'normal' (m/n) with NFSS spec.:
(fontspec)             <->s*[0.9999964596882403]"[latinmodern-math.otf]/OT:scri
pt=math;language=dflt;"
(fontspec)             - 'small caps'  (m/sc) with NFSS spec.: 
(fontspec)             - 'bold' (b/n) with NFSS spec.:
(fontspec)             <->s*[0.9999964596882403]"[latinmodern-math.otf]/OT:scri
pt=math;language=dflt;"
(fontspec)             - 'bold small caps'  (b/sc) with NFSS spec.: 

LaTeX Font Info:    Font shape `TU/latinmodern-math.otf(0)/m/n' will be
(Font)              scaled to size 10.0pt on input line 124.

Package fontspec Info: latinmodern-math scale = 0.9999964596882403.


Package fontspec Info: latinmodern-math scale = 0.9999964596882403.


Package fontspec Info: latinmodern-math scale = 0.9999964596882403.


Package fontspec Info: latinmodern-math scale = 0.9999964596882403.


Package fontspec Info: latinmodern-math scale = 0.9999964596882403.


Package fontspec Info: Font family 'latinmodern-math.otf(1)' created for font
(fontspec)             'latinmodern-math.otf' with options
(fontspec)             [Scale=MatchLowercase,BoldItalicFont={},ItalicFont={},Sm
allCapsFont={},Script=Math,SizeFeatures={{Size=8.5-},{Size=6-8.5,Font=latinmode
rn-math.otf,Style=MathScript},{Size=-6,Font=latinmodern-math.otf,Style=MathScri
ptScript}},BoldFont={latinmodern-math.otf}].
(fontspec)              
(fontspec)              This font family consists of the following NFSS
(fontspec)             series/shapes:
(fontspec)              
(fontspec)             - 'normal' (m/n) with NFSS spec.:
(fontspec)             <8.5->s*[0.9999964596882403]"[latinmodern-math.otf]/OT:s
cript=math;language=dflt;"<6-8.5>s*[0.9999964596882403]"[latinmodern-math.otf]/
OT:script=math;language=dflt;+ssty=0;"<-6>s*[0.9999964596882403]"[latinmodern-m
ath.otf]/OT:script=math;language=dflt;+ssty=1;"
(fontspec)             - 'small caps'  (m/sc) with NFSS spec.: 
(fontspec)             - 'bold' (b/n) with NFSS spec.:
(fontspec)             <->s*[0.9999964596882403]"[latinmodern-math.otf]/OT:scri
pt=math;language=dflt;"
(fontspec)             - 'bold small caps'  (b/sc) with NFSS spec.: 

LaTeX Font Info:    Font shape `TU/latinmodern-math.otf(1)/m/n' will be
(Font)              scaled to size 10.0pt on input line 124.
LaTeX Font Info:    Encoding `OT1' has changed to `TU' for symbol font
(Font)              `operators' in the math version `normal' on input line 124.

LaTeX Font Info:    Overwriting symbol font `operators' in version `normal'
(Font)                  OT1/lmr/m/n --> TU/latinmodern-math.otf(1)/m/n on input
 line 124.
LaTeX Font Info:    Encoding `OT1' has changed to `TU' for symbol font
(Font)              `operators' in the math version `bold' on input line 124.
LaTeX Font Info:    Overwriting symbol font `operators' in version `bold'
(Font)                  OT1/lmr/bx/n --> TU/latinmodern-math.otf(1)/b/n on inpu
t line 124.

Package fontspec Info: latinmodern-math scale = 0.9999964596882403.


Package fontspec Info: latinmodern-math scale = 1.000096459334209.


Package fontspec Info: latinmodern-math scale = 0.9999964596882403.


Package fontspec Info: latinmodern-math scale = 1.000096459334209.


Package fontspec Info: latinmodern-math scale = 0.9999964596882403.


Package fontspec Info: latinmodern-math scale = 1.000096459334209.


Package fontspec Info: latinmodern-math scale = 0.9999964596882403.


Package fontspec Info: latinmodern-math scale = 1.000096459334209.


Package fontspec Info: latinmodern-math scale = 0.9999964596882403.


Package fontspec Info: latinmodern-math scale = 1.000096459334209.


Package fontspec Info: Font family 'latinmodern-math.otf(2)' created for font
(fontspec)             'latinmodern-math.otf' with options
(fontspec)             [Scale=MatchLowercase,BoldItalicFont={},ItalicFont={},Sm
allCapsFont={},Script=Math,SizeFeatures={{Size=8.5-},{Size=6-8.5,Font=latinmode
rn-math.otf,Style=MathScript},{Size=-6,Font=latinmodern-math.otf,Style=MathScri
ptScript}},BoldFont={latinmodern-math.otf},ScaleAgain=1.0001,FontAdjustment={\f
ontdimen
(fontspec)             8\font =6.77pt\relax \fontdimen 9\font =3.94pt\relax
(fontspec)             \fontdimen 10\font =4.44pt\relax \fontdimen 11\font
(fontspec)             =6.86pt\relax \fontdimen 12\font =3.45pt\relax
(fontspec)             \fontdimen 13\font =3.63pt\relax \fontdimen 14\font
(fontspec)             =3.63pt\relax \fontdimen 15\font =2.89pt\relax
(fontspec)             \fontdimen 16\font =2.47pt\relax \fontdimen 17\font
(fontspec)             =2.47pt\relax \fontdimen 18\font =2.5pt\relax
(fontspec)             \fontdimen 19\font =2.0pt\relax \fontdimen 22\font
(fontspec)             =2.5pt\relax \fontdimen 20\font =0pt\relax \fontdimen
(fontspec)             21\font =0pt\relax }].
(fontspec)              
(fontspec)              This font family consists of the following NFSS
(fontspec)             series/shapes:
(fontspec)              
(fontspec)             - 'normal' (m/n) with NFSS spec.:
(fontspec)             <8.5->s*[1.000096459334209]"[latinmodern-math.otf]/OT:sc
ript=math;language=dflt;"<6-8.5>s*[1.000096459334209]"[latinmodern-math.otf]/OT
:script=math;language=dflt;+ssty=0;"<-6>s*[1.000096459334209]"[latinmodern-math
.otf]/OT:script=math;language=dflt;+ssty=1;"
(fontspec)             - 'small caps'  (m/sc) with NFSS spec.: 
(fontspec)             and font adjustment code:
(fontspec)             \fontdimen 8\font =6.77pt\relax \fontdimen 9\font
(fontspec)             =3.94pt\relax \fontdimen 10\font =4.44pt\relax
(fontspec)             \fontdimen 11\font =6.86pt\relax \fontdimen 12\font
(fontspec)             =3.45pt\relax \fontdimen 13\font =3.63pt\relax
(fontspec)             \fontdimen 14\font =3.63pt\relax \fontdimen 15\font
(fontspec)             =2.89pt\relax \fontdimen 16\font =2.47pt\relax
(fontspec)             \fontdimen 17\font =2.47pt\relax \fontdimen 18\font
(fontspec)             =2.5pt\relax \fontdimen 19\font =2.0pt\relax \fontdimen
(fontspec)             22\font =2.5pt\relax \fontdimen 20\font =0pt\relax
(fontspec)             \fontdimen 21\font =0pt\relax 
(fontspec)             - 'bold' (b/n) with NFSS spec.:
(fontspec)             <->s*[1.000096459334209]"[latinmodern-math.otf]/OT:scrip
t=math;language=dflt;"
(fontspec)             - 'bold small caps'  (b/sc) with NFSS spec.: 
(fontspec)             and font adjustment code:
(fontspec)             \fontdimen 8\font =6.77pt\relax \fontdimen 9\font
(fontspec)             =3.94pt\relax \fontdimen 10\font =4.44pt\relax
(fontspec)             \fontdimen 11\font =6.86pt\relax \fontdimen 12\font
(fontspec)             =3.45pt\relax \fontdimen 13\font =3.63pt\relax
(fontspec)             \fontdimen 14\font =3.63pt\relax \fontdimen 15\font
(fontspec)             =2.89pt\relax \fontdimen 16\font =2.47pt\relax
(fontspec)             \fontdimen 17\font =2.47pt\relax \fontdimen 18\font
(fontspec)             =2.5pt\relax \fontdimen 19\font =2.0pt\relax \fontdimen
(fontspec)             22\font =2.5pt\relax \fontdimen 20\font =0pt\relax
(fontspec)             \fontdimen 21\font =0pt\relax 

LaTeX Font Info:    Encoding `OMS' has changed to `TU' for symbol font
(Font)              `symbols' in the math version `normal' on input line 124.
LaTeX Font Info:    Overwriting symbol font `symbols' in version `normal'
(Font)                  OMS/lmsy/m/n --> TU/latinmodern-math.otf(2)/m/n on inpu
t line 124.
LaTeX Font Info:    Encoding `OMS' has changed to `TU' for symbol font
(Font)              `symbols' in the math version `bold' on input line 124.
LaTeX Font Info:    Overwriting symbol font `symbols' in version `bold'
(Font)                  OMS/lmsy/b/n --> TU/latinmodern-math.otf(2)/b/n on inpu
t line 124.

Package fontspec Info: latinmodern-math scale = 0.9999964596882403.


Package fontspec Info: latinmodern-math scale = 0.9998964600422715.


Package fontspec Info: latinmodern-math scale = 0.9999964596882403.


Package fontspec Info: latinmodern-math scale = 0.9998964600422715.


Package fontspec Info: latinmodern-math scale = 0.9999964596882403.


Package fontspec Info: latinmodern-math scale = 0.9998964600422715.


Package fontspec Info: latinmodern-math scale = 0.9999964596882403.


Package fontspec Info: latinmodern-math scale = 0.9998964600422715.


Package fontspec Info: latinmodern-math scale = 0.9999964596882403.


Package fontspec Info: latinmodern-math scale = 0.9998964600422715.


Package fontspec Info: Font family 'latinmodern-math.otf(3)' created for font
(fontspec)             'latinmodern-math.otf' with options
(fontspec)             [Scale=MatchLowercase,BoldItalicFont={},ItalicFont={},Sm
allCapsFont={},Script=Math,SizeFeatures={{Size=8.5-},{Size=6-8.5,Font=latinmode
rn-math.otf,Style=MathScript},{Size=-6,Font=latinmodern-math.otf,Style=MathScri
ptScript}},BoldFont={latinmodern-math.otf},ScaleAgain=0.9999,FontAdjustment={\f
ontdimen
(fontspec)             8\font =0.4pt\relax \fontdimen 9\font =2.0pt\relax
(fontspec)             \fontdimen 10\font =1.67pt\relax \fontdimen 11\font
(fontspec)             =1.11pt\relax \fontdimen 12\font =6.0pt\relax
(fontspec)             \fontdimen 13\font =0pt\relax }].
(fontspec)              
(fontspec)              This font family consists of the following NFSS
(fontspec)             series/shapes:
(fontspec)              
(fontspec)             - 'normal' (m/n) with NFSS spec.:
(fontspec)             <8.5->s*[0.9998964600422715]"[latinmodern-math.otf]/OT:s
cript=math;language=dflt;"<6-8.5>s*[0.9998964600422715]"[latinmodern-math.otf]/
OT:script=math;language=dflt;+ssty=0;"<-6>s*[0.9998964600422715]"[latinmodern-m
ath.otf]/OT:script=math;language=dflt;+ssty=1;"
(fontspec)             - 'small caps'  (m/sc) with NFSS spec.: 
(fontspec)             and font adjustment code:
(fontspec)             \fontdimen 8\font =0.4pt\relax \fontdimen 9\font
(fontspec)             =2.0pt\relax \fontdimen 10\font =1.67pt\relax
(fontspec)             \fontdimen 11\font =1.11pt\relax \fontdimen 12\font
(fontspec)             =6.0pt\relax \fontdimen 13\font =0pt\relax 
(fontspec)             - 'bold' (b/n) with NFSS spec.:
(fontspec)             <->s*[0.9998964600422715]"[latinmodern-math.otf]/OT:scri
pt=math;language=dflt;"
(fontspec)             - 'bold small caps'  (b/sc) with NFSS spec.: 
(fontspec)             and font adjustment code:
(fontspec)             \fontdimen 8\font =0.4pt\relax \fontdimen 9\font
(fontspec)             =2.0pt\relax \fontdimen 10\font =1.67pt\relax
(fontspec)             \fontdimen 11\font =1.11pt\relax \fontdimen 12\font
(fontspec)             =6.0pt\relax \fontdimen 13\font =0pt\relax 

LaTeX Font Info:    Encoding `OMX' has changed to `TU' for symbol font
(Font)              `largesymbols' in the math version `normal' on input line 1
24.
LaTeX Font Info:    Overwriting symbol font `largesymbols' in version `normal'
(Font)                  OMX/lmex/m/n --> TU/latinmodern-math.otf(3)/m/n on inpu
t line 124.
LaTeX Font Info:    Encoding `OMX' has changed to `TU' for symbol font
(Font)              `largesymbols' in the math version `bold' on input line 124
.
LaTeX Font Info:    Overwriting symbol font `largesymbols' in version `bold'
(Font)                  OMX/lmex/m/n --> TU/latinmodern-math.otf(3)/b/n on inpu
t line 124.
Package hyperref Info: Link coloring OFF on input line 124.

(c:/Users/Brad.Warner/AppData/Roaming/TinyTeX/texmf-dist/tex/latex/hyperref/nam
eref.sty
Package: nameref 2019/09/16 v2.46 Cross-referencing by name of section

(c:/Users/Brad.Warner/AppData/Roaming/TinyTeX/texmf-dist/tex/latex/refcount/ref
count.sty
Package: refcount 2019/12/15 v3.6 Data extraction from label references (HO)
)
(c:/Users/Brad.Warner/AppData/Roaming/TinyTeX/texmf-dist/tex/generic/gettitlest
ring/gettitlestring.sty
Package: gettitlestring 2019/12/15 v1.6 Cleanup title references (HO)
)
\c@section@level=\count303
)
LaTeX Info: Redefining \ref on input line 124.
LaTeX Info: Redefining \pageref on input line 124.
LaTeX Info: Redefining \nameref on input line 124.
(./Computational-Probability-and-Statistics.out) (./Computational-Probability-a
nd-Statistics.out)
\@outlinefile=\write4
\openout4 = `Computational-Probability-and-Statistics.out'.

LaTeX Font Info:    Font shape `TU/latinmodern-math.otf(1)/m/n' will be
(Font)              scaled to size 12.0pt on input line 126.
LaTeX Font Info:    Font shape `TU/latinmodern-math.otf(1)/m/n' will be
(Font)              scaled to size 8.0pt on input line 126.
LaTeX Font Info:    Font shape `TU/latinmodern-math.otf(1)/m/n' will be
(Font)              scaled to size 6.0pt on input line 126.
LaTeX Font Info:    Trying to load font information for OML+lmm on input line 1
26.

(c:/Users/Brad.Warner/AppData/Roaming/TinyTeX/texmf-dist/tex/latex/lm/omllmm.fd
File: omllmm.fd 2009/10/30 v1.6 Font defs for Latin Modern
)
LaTeX Font Info:    Font shape `TU/latinmodern-math.otf(2)/m/n' will be
(Font)              scaled to size 12.0011pt on input line 126.
LaTeX Font Info:    Font shape `TU/latinmodern-math.otf(2)/m/n' will be
(Font)              scaled to size 8.00073pt on input line 126.
LaTeX Font Info:    Font shape `TU/latinmodern-math.otf(2)/m/n' will be
(Font)              scaled to size 6.00055pt on input line 126.
LaTeX Font Info:    Font shape `TU/latinmodern-math.otf(3)/m/n' will be
(Font)              scaled to size 11.99872pt on input line 126.
LaTeX Font Info:    Font shape `TU/latinmodern-math.otf(3)/m/n' will be
(Font)              scaled to size 7.99915pt on input line 126.
LaTeX Font Info:    Font shape `TU/latinmodern-math.otf(3)/m/n' will be
(Font)              scaled to size 5.99936pt on input line 126.
LaTeX Font Info:    Trying to load font information for U+msa on input line 126
.

(c:/Users/Brad.Warner/AppData/Roaming/TinyTeX/texmf-dist/tex/latex/amsfonts/ums
a.fd
File: umsa.fd 2013/01/14 v3.01 AMS symbols A
)
LaTeX Font Info:    Trying to load font information for U+msb on input line 126
.

(c:/Users/Brad.Warner/AppData/Roaming/TinyTeX/texmf-dist/tex/latex/amsfonts/ums
b.fd
File: umsb.fd 2013/01/14 v3.01 AMS symbols B
) [1


] [2

] (./Computational-Probability-and-Statistics.toc
LaTeX Font Info:    Font shape `TU/latinmodern-math.otf(1)/m/n' will be
(Font)              scaled to size 7.0pt on input line 2.
LaTeX Font Info:    Font shape `TU/latinmodern-math.otf(1)/m/n' will be
(Font)              scaled to size 5.0pt on input line 2.
LaTeX Font Info:    Font shape `TU/latinmodern-math.otf(2)/m/n' will be
(Font)              scaled to size 10.00092pt on input line 2.
LaTeX Font Info:    Font shape `TU/latinmodern-math.otf(2)/m/n' will be
(Font)              scaled to size 7.00064pt on input line 2.
LaTeX Font Info:    Font shape `TU/latinmodern-math.otf(2)/m/n' will be
(Font)              scaled to size 5.00046pt on input line 2.
LaTeX Font Info:    Font shape `TU/latinmodern-math.otf(3)/m/n' will be
(Font)              scaled to size 9.99893pt on input line 2.
LaTeX Font Info:    Font shape `TU/latinmodern-math.otf(3)/m/n' will be
(Font)              scaled to size 6.99925pt on input line 2.
LaTeX Font Info:    Font shape `TU/latinmodern-math.otf(3)/m/n' will be
(Font)              scaled to size 4.99947pt on input line 2.
[3])
\tf@toc=\write5
\openout5 = `Computational-Probability-and-Statistics.toc'.

[4]
File: ./figures/Cover.png Graphic file (type bmp)
<./figures/Cover.png>

Underfull \vbox (badness 10000) has occurred while \output is active []

[5

]
Overfull \vbox (141.15462pt too high) has occurred while \output is active []

[6] [7]
File: ./figures/by-nc-sa.png Graphic file (type bmp)
<./figures/by-nc-sa.png>

Overfull \hbox (0.33003pt too wide) in paragraph at lines 195--196
[]\TU/lmr/m/n/10 This book is licensed under the []Creative Commons Attribution
-NonCommercial-
 []

[8] [9] [10

] [11] [12]
Chapter 1.
[13

]
Underfull \hbox (badness 10000) in paragraph at lines 247--249

 []


Underfull \hbox (badness 10000) in paragraph at lines 249--251

 []

[14] [15]
LaTeX Font Info:    Font shape `TU/lmtt/bx/n' in size <10> not available
(Font)              Font shape `TU/lmtt/b/n' tried instead on input line 305.
[16] [17]
Overfull \hbox (33.0pt too wide) in paragraph at lines 406--406
[]\TU/lmtt/m/n/10 goal( y ~ x, data = MyData, ... ) # pseudo-code for the formu
la template[] 
 []

[18] [19]
File: 01-Data-Case-Study_files/figure-latex/first-fig-1.pdf Graphic file (type 
pdf)
<use 01-Data-Case-Study_files/figure-latex/first-fig-1.pdf>

Overfull \hbox (43.5pt too wide) in paragraph at lines 504--504
[]\TU/lmtt/m/n/10 goal( y ~ x|z, data = MyData, ... ) # pseudo-code for the for
mula template[] 
 []

[20]
File: 01-Data-Case-Study_files/figure-latex/split-fig-1.pdf Graphic file (type 
pdf)
<use 01-Data-Case-Study_files/figure-latex/split-fig-1.pdf>
File: 01-Data-Case-Study_files/figure-latex/cs1-fig-1.pdf Graphic file (type pd
f)
<use 01-Data-Case-Study_files/figure-latex/cs1-fig-1.pdf>
[21] [22] [23]
Underfull \hbox (badness 10000) in paragraph at lines 664--666

 []


Underfull \hbox (badness 10000) in paragraph at lines 666--668

 []


Underfull \hbox (badness 10000) in paragraph at lines 668--670

 []

[24] [25] [26

]
Chapter 2.
[27]
Overfull \hbox (69.75pt too wide) in paragraph at lines 770--770
[]\TU/lmtt/m/n/10 ##     spam to_multiple  from    cc sent_email time          
      image attach[] 
 []


Overfull \hbox (69.75pt too wide) in paragraph at lines 770--770
[]\TU/lmtt/m/n/10 ##    <dbl>       <dbl> <dbl> <int>      <dbl> <dttm>        
      <dbl>  <dbl>[] 
 []


Overfull \hbox (69.75pt too wide) in paragraph at lines 770--770
[]\TU/lmtt/m/n/10 ##  1     0           0     1     0          1 2012-01-04 06:
19:16     0      0[] 
 []


Overfull \hbox (69.75pt too wide) in paragraph at lines 770--770
[]\TU/lmtt/m/n/10 ##  2     0           0     1     0          0 2012-02-16 13:
10:06     0      0[] 
 []


Overfull \hbox (69.75pt too wide) in paragraph at lines 770--770
[]\TU/lmtt/m/n/10 ##  3     1           0     1     4          0 2012-01-04 08:
36:23     0      2[] 
 []


Overfull \hbox (69.75pt too wide) in paragraph at lines 770--770
[]\TU/lmtt/m/n/10 ##  4     0           0     1     0          0 2012-01-04 10:
49:52     0      0[] 
 []


Overfull \hbox (69.75pt too wide) in paragraph at lines 770--770
[]\TU/lmtt/m/n/10 ##  5     0           0     1     0          0 2012-01-27 02:
34:45     0      0[] 
 []


Overfull \hbox (69.75pt too wide) in paragraph at lines 770--770
[]\TU/lmtt/m/n/10 ##  6     0           0     1     0          0 2012-01-17 10:
31:57     0      0[] 
 []


Overfull \hbox (69.75pt too wide) in paragraph at lines 770--770
[]\TU/lmtt/m/n/10 ##  7     0           0     1     0          0 2012-03-17 22:
18:55     0      0[] 
 []


Overfull \hbox (69.75pt too wide) in paragraph at lines 770--770
[]\TU/lmtt/m/n/10 ##  8     0           0     1     0          1 2012-03-31 07:
58:56     0      0[] 
 []


Overfull \hbox (69.75pt too wide) in paragraph at lines 770--770
[]\TU/lmtt/m/n/10 ##  9     0           0     1     1          1 2012-01-10 18:
57:54     0      0[] 
 []


Overfull \hbox (69.75pt too wide) in paragraph at lines 770--770
[]\TU/lmtt/m/n/10 ## 10     0           0     1     0          0 2012-01-07 12:
29:16     0      0[] 
 []


Overfull \hbox (48.75pt too wide) in paragraph at lines 770--770
[]\TU/lmtt/m/n/10 ## # ... with 13 more variables: dollar <dbl>, winner <fct>, 
inherit <dbl>,[] 
 []

[28]
Overfull \hbox (27.75pt too wide) in paragraph at lines 770--770
[]\TU/lmtt/m/n/10 ## #   viagra <dbl>, password <dbl>, num_char <dbl>, line_bre
aks <int>,[] 
 []


Overfull \hbox (43.5pt too wide) in paragraph at lines 770--770
[]\TU/lmtt/m/n/10 ## #   format <dbl>, re_subj <dbl>, exclaim_subj <dbl>, urgen
t_subj <dbl>,[] 
 []

[29]
Underfull \hbox (badness 10000) in paragraph at lines 822--824

 []


Underfull \hbox (badness 10000) in paragraph at lines 824--826

 []

[30]
Overfull \hbox (85.5pt too wide) in paragraph at lines 886--886
[]\TU/lmtt/m/n/10 ##   name  state pop2000 pop2010 fed_spend poverty homeowners
hip multi_unit income[] 
 []


Overfull \hbox (85.5pt too wide) in paragraph at lines 886--886
[]\TU/lmtt/m/n/10 ##   <chr> <chr>   <dbl>   <dbl>     <dbl>   <dbl>         <d
bl>      <dbl>  <dbl>[] 
 []


Overfull \hbox (85.5pt too wide) in paragraph at lines 886--886
[]\TU/lmtt/m/n/10 ## 1 Auta~ Alab~   43671   54571      6.07    10.6          7
7.5        7.2  24568[] 
 []


Overfull \hbox (85.5pt too wide) in paragraph at lines 886--886
[]\TU/lmtt/m/n/10 ## 2 Bald~ Alab~  140415  182265      6.14    12.2          7
6.7       22.6  26469[] 
 []


Overfull \hbox (85.5pt too wide) in paragraph at lines 886--886
[]\TU/lmtt/m/n/10 ## 3 Barb~ Alab~   29038   27457      8.75    25            6
8         11.1  15875[] 
 []


Overfull \hbox (85.5pt too wide) in paragraph at lines 886--886
[]\TU/lmtt/m/n/10 ## 4 Bibb~ Alab~   20826   22915      7.12    12.6          8
2.9        6.6  19918[] 
 []


Overfull \hbox (85.5pt too wide) in paragraph at lines 886--886
[]\TU/lmtt/m/n/10 ## 5 Blou~ Alab~   51024   57322      5.13    13.4          8
2          3.7  21070[] 
 []


Overfull \hbox (85.5pt too wide) in paragraph at lines 886--886
[]\TU/lmtt/m/n/10 ## 6 Bull~ Alab~   11714   10914      9.97    25.3          7
6.9        9.9  20289[] 
 []


Overfull \hbox (85.5pt too wide) in paragraph at lines 886--886
[]\TU/lmtt/m/n/10 ## 7 Butl~ Alab~   21399   20947      9.31    25            6
9         13.7  16916[] 
 []

[31]
File: 02-Data-Basics_files/figure-latex/tax-fig-1.pdf Graphic file (type pdf)
<use 02-Data-Basics_files/figure-latex/tax-fig-1.pdf>
[32]
Underfull \hbox (badness 10000) in paragraph at lines 930--932

 []

[33]
File: 02-Data-Basics_files/figure-latex/pov1-fig-1.pdf Graphic file (type pdf)
<use 02-Data-Basics_files/figure-latex/pov1-fig-1.pdf>
[34]
File: 02-Data-Basics_files/figure-latex/homeown-fig-1.pdf Graphic file (type pd
f)
<use 02-Data-Basics_files/figure-latex/homeown-fig-1.pdf>
[35]
File: 02-Data-Basics_files/figure-latex/pov2-fig-1.pdf Graphic file (type pdf)
<use 02-Data-Basics_files/figure-latex/pov2-fig-1.pdf>
[36]
File: 02-Data-Basics_files/figure-latex/pov3-fig-1.pdf Graphic file (type pdf)
<use 02-Data-Basics_files/figure-latex/pov3-fig-1.pdf>
[37] [38]
Chapter 3.

Underfull \hbox (badness 10000) in paragraph at lines 1072--1074

 []


Underfull \hbox (badness 10000) in paragraph at lines 1074--1076

 []

[39

]
File: ./figures/mnwinter.jpg Graphic file (type bmp)
<./figures/mnwinter.jpg>
[40]
File: 03-Overview-of-Data-Collection-Principles_files/figure-latex/randsamp-fig
-1.pdf Graphic file (type pdf)
<use 03-Overview-of-Data-Collection-Principles_files/figure-latex/randsamp-fig-
1.pdf>
[41]
File: 03-Overview-of-Data-Collection-Principles_files/figure-latex/biased-fig-1
.pdf Graphic file (type pdf)
<use 03-Overview-of-Data-Collection-Principles_files/figure-latex/biased-fig-1.
pdf>
[42] [43]
File: 03-Overview-of-Data-Collection-Principles_files/figure-latex/convsamp-fig
-1.pdf Graphic file (type pdf)
<use 03-Overview-of-Data-Collection-Principles_files/figure-latex/convsamp-fig-
1.pdf>
[44] [45] [46]
Underfull \hbox (badness 10000) in paragraph at lines 1219--1222

 []


Underfull \vbox (badness 10000) has occurred while \output is active []

[47]
File: 03-Overview-of-Data-Collection-Principles_files/figure-latex/unnamed-chun
k-2-1.pdf Graphic file (type pdf)
<use 03-Overview-of-Data-Collection-Principles_files/figure-latex/unnamed-chunk
-2-1.pdf>

Underfull \vbox (badness 10000) has occurred while \output is active []

[48]
File: 03-Overview-of-Data-Collection-Principles_files/figure-latex/unnamed-chun
k-3-1.pdf Graphic file (type pdf)
<use 03-Overview-of-Data-Collection-Principles_files/figure-latex/unnamed-chunk
-3-1.pdf>

Underfull \hbox (badness 10000) in paragraph at lines 1266--1268

 []


Underfull \hbox (badness 10000) in paragraph at lines 1268--1270

 []

[49] [50

]
Chapter 4.

Underfull \hbox (badness 1264) in paragraph at lines 1290--1290
[]\TU/lmr/bx/n/14.4 Observation studies, sampling strategies,
 []

[51]
File: 04-Studies_files/figure-latex/confound-fig-1.pdf Graphic file (type pdf)
<use 04-Studies_files/figure-latex/confound-fig-1.pdf>
[52]
File: 04-Studies_files/figure-latex/confound2-fig-1.pdf Graphic file (type pdf)

<use 04-Studies_files/figure-latex/confound2-fig-1.pdf>
File: 04-Studies_files/figure-latex/conditional-fig-1.pdf Graphic file (type pd
f)
<use 04-Studies_files/figure-latex/conditional-fig-1.pdf>

Overfull \hbox (36.77673pt too wide) has occurred while \output is active
\TU/lmr/m/sl/10 4.2.  OBSERVATION STUDIES, SAMPLING STRATEGIES, AND EXPERIMENTS
 \TU/lmr/m/n/10 53
 []

[53]
File: 04-Studies_files/figure-latex/homeown2-fig-1.pdf Graphic file (type pdf)
<use 04-Studies_files/figure-latex/homeown2-fig-1.pdf>
[54]
File: 04-Studies_files/figure-latex/simprand-fig-1.pdf Graphic file (type pdf)
<use 04-Studies_files/figure-latex/simprand-fig-1.pdf>
File: 04-Studies_files/figure-latex/stratsamp2-fig-1.pdf Graphic file (type pdf
)
<use 04-Studies_files/figure-latex/stratsamp2-fig-1.pdf>
File: 04-Studies_files/figure-latex/clussamp4-fig-1.pdf Graphic file (type pdf)

<use 04-Studies_files/figure-latex/clussamp4-fig-1.pdf>

Overfull \hbox (36.77673pt too wide) has occurred while \output is active
\TU/lmr/m/sl/10 4.2.  OBSERVATION STUDIES, SAMPLING STRATEGIES, AND EXPERIMENTS
 \TU/lmr/m/n/10 55
 []

[55] [56]
Overfull \hbox (36.77673pt too wide) has occurred while \output is active
\TU/lmr/m/sl/10 4.2.  OBSERVATION STUDIES, SAMPLING STRATEGIES, AND EXPERIMENTS
 \TU/lmr/m/n/10 57
 []

[57] [58]
File: 04-Studies_files/figure-latex/exp4-fig-1.pdf Graphic file (type pdf)
<use 04-Studies_files/figure-latex/exp4-fig-1.pdf>

LaTeX Warning: Float too large for page by 5.06116pt on input line 1429.


Overfull \hbox (36.77673pt too wide) has occurred while \output is active
\TU/lmr/m/sl/10 4.2.  OBSERVATION STUDIES, SAMPLING STRATEGIES, AND EXPERIMENTS
 \TU/lmr/m/n/10 59
 []

[59] [60]
Overfull \hbox (36.77673pt too wide) has occurred while \output is active
\TU/lmr/m/sl/10 4.2.  OBSERVATION STUDIES, SAMPLING STRATEGIES, AND EXPERIMENTS
 \TU/lmr/m/n/10 61
 []

[61]
Underfull \hbox (badness 10000) in paragraph at lines 1465--1467

 []


Underfull \hbox (badness 10000) in paragraph at lines 1482--1484

 []


Underfull \hbox (badness 10000) in paragraph at lines 1499--1501

 []


Underfull \hbox (badness 10000) in paragraph at lines 1501--1503

 []


Underfull \hbox (badness 10000) in paragraph at lines 1503--1505

 []

[62]
Underfull \vbox (badness 10000) has occurred while \output is active []

[63]
Underfull \hbox (badness 10000) in paragraph at lines 1522--1524

 []


Underfull \hbox (badness 10000) in paragraph at lines 1524--1526

 []


Underfull \hbox (badness 10000) in paragraph at lines 1526--1528

 []


Underfull \hbox (badness 10000) in paragraph at lines 1528--1530

 []


Underfull \hbox (badness 10000) in paragraph at lines 1545--1547

 []


Underfull \hbox (badness 10000) in paragraph at lines 1547--1549

 []


Underfull \hbox (badness 10000) in paragraph at lines 1549--1551

 []


Underfull \hbox (badness 10000) in paragraph at lines 1551--1553

 []


Underfull \hbox (badness 10000) in paragraph at lines 1553--1555

 []

[64] [65] [66

]
Chapter 5.
File: 05-Numerical-Data_files/figure-latex/scat5-fig-1.pdf Graphic file (type p
df)
<use 05-Numerical-Data_files/figure-latex/scat5-fig-1.pdf>
[67] [68]
File: 05-Numerical-Data_files/figure-latex/scat52-fig-1.pdf Graphic file (type 
pdf)
<use 05-Numerical-Data_files/figure-latex/scat52-fig-1.pdf>

Underfull \vbox (badness 10000) has occurred while \output is active []

[69]
File: 05-Numerical-Data_files/figure-latex/scat53-fig-1.pdf Graphic file (type 
pdf)
<use 05-Numerical-Data_files/figure-latex/scat53-fig-1.pdf>
[70]
File: 05-Numerical-Data_files/figure-latex/dot5-fig-1.pdf Graphic file (type pd
f)
<use 05-Numerical-Data_files/figure-latex/dot5-fig-1.pdf>
[71] [72]
Overfull \hbox (85.5pt too wide) in paragraph at lines 1695--1695
[]\TU/lmtt/m/n/10 ##   (0,5]  (5,10] (10,15] (15,20] (20,25] (25,30] (30,35] (3
5,40] (40,45] (45,50][] 
 []


Overfull \hbox (85.5pt too wide) in paragraph at lines 1695--1695
[]\TU/lmtt/m/n/10 ##      19      12       6       2       3       5       0   
    0       2       0[] 
 []

File: 05-Numerical-Data_files/figure-latex/hist5-fig-1.pdf Graphic file (type p
df)
<use 05-Numerical-Data_files/figure-latex/hist5-fig-1.pdf>
[73] [74]
File: 05-Numerical-Data_files/figure-latex/unnamed-chunk-4-1.pdf Graphic file (
type pdf)
<use 05-Numerical-Data_files/figure-latex/unnamed-chunk-4-1.pdf>
[75]
File: 05-Numerical-Data_files/figure-latex/histmulti-fig-1.pdf Graphic file (ty
pe pdf)
<use 05-Numerical-Data_files/figure-latex/histmulti-fig-1.pdf>
File: 05-Numerical-Data_files/figure-latex/histmulti-fig-2.pdf Graphic file (ty
pe pdf)
<use 05-Numerical-Data_files/figure-latex/histmulti-fig-2.pdf>
File: 05-Numerical-Data_files/figure-latex/histmulti-fig-3.pdf Graphic file (ty
pe pdf)
<use 05-Numerical-Data_files/figure-latex/histmulti-fig-3.pdf>

Underfull \hbox (badness 10000) in paragraph at lines 1770--1770
[][] []
 []

[76] [77]
File: 05-Numerical-Data_files/figure-latex/hist53-fig-1.pdf Graphic file (type 
pdf)
<use 05-Numerical-Data_files/figure-latex/hist53-fig-1.pdf>
File: 05-Numerical-Data_files/figure-latex/hist54-fig-1.pdf Graphic file (type 
pdf)
<use 05-Numerical-Data_files/figure-latex/hist54-fig-1.pdf>
File: 05-Numerical-Data_files/figure-latex/hist55-fig-1.pdf Graphic file (type 
pdf)
<use 05-Numerical-Data_files/figure-latex/hist55-fig-1.pdf>
[78] [79] [80]
File: 05-Numerical-Data_files/figure-latex/box-fig-1.pdf Graphic file (type pdf
)
<use 05-Numerical-Data_files/figure-latex/box-fig-1.pdf>
[81] [82] [83]
Overfull \hbox (12.0pt too wide) in paragraph at lines 1978--1978
[]\TU/lmtt/m/n/10 ##    min     Q1 median       Q3    max     mean       sd  n 
missing[] 
 []


Overfull \hbox (12.0pt too wide) in paragraph at lines 1978--1978
[]\TU/lmtt/m/n/10 ##  0.057 2.5355 6.8895 15.41075 64.401 11.59822 13.12526 50 
      0[] 
 []

File: 05-Numerical-Data_files/figure-latex/box2-fig-1.pdf Graphic file (type pd
f)
<use 05-Numerical-Data_files/figure-latex/box2-fig-1.pdf>

Overfull \hbox (75.0pt too wide) in paragraph at lines 1996--1996
[]\TU/lmtt/m/n/10 ##       group   min     Q1 median       Q3     max     mean 
      sd  n missing[] 
 []


Overfull \hbox (75.0pt too wide) in paragraph at lines 1996--1996
[]\TU/lmtt/m/n/10 ## 1   Dropped 0.057 2.4540 6.7680 14.15600  42.793 10.52061 
10.79768 49       0[] 
 []


Overfull \hbox (75.0pt too wide) in paragraph at lines 1996--1996
[]\TU/lmtt/m/n/10 ## 2 Increased 0.057 2.5355 6.8895 15.41075 150.000 13.31020 
22.43436 50       0[] 
 []


Overfull \hbox (75.0pt too wide) in paragraph at lines 1996--1996
[]\TU/lmtt/m/n/10 ## 3  Original 0.057 2.5355 6.8895 15.41075  64.401 11.59822 
13.12526 50       0[] 
 []

[84] [85]
File: 05-Numerical-Data_files/figure-latex/hist510-fig-1.pdf Graphic file (type
 pdf)
<use 05-Numerical-Data_files/figure-latex/hist510-fig-1.pdf>
[86]
File: 05-Numerical-Data_files/figure-latex/hist512-fig-1.pdf Graphic file (type
 pdf)
<use 05-Numerical-Data_files/figure-latex/hist512-fig-1.pdf>
File: 05-Numerical-Data_files/figure-latex/scat513-fig-1.pdf Graphic file (type
 pdf)
<use 05-Numerical-Data_files/figure-latex/scat513-fig-1.pdf>
[87]
Underfull \hbox (badness 10000) in paragraph at lines 2085--2087

 []


Underfull \hbox (badness 10000) in paragraph at lines 2087--2089

 []

[88]
Underfull \hbox (badness 10000) in paragraph at lines 2091--2093

 []


Underfull \hbox (badness 10000) in paragraph at lines 2093--2095

 []


Underfull \hbox (badness 10000) in paragraph at lines 2095--2097

 []


Underfull \hbox (badness 10000) in paragraph at lines 2114--2116

 []


Underfull \hbox (badness 10000) in paragraph at lines 2137--2139

 []


Underfull \hbox (badness 10000) in paragraph at lines 2139--2141

 []


Underfull \hbox (badness 10000) in paragraph at lines 2143--2145

 []

(./Computational-Probability-and-Statistics.bbl [89] [90

] [91]) [92] (./Computational-Probability-and-Statistics.aux)
Package rerunfilecheck Info: File `Computational-Probability-and-Statistics.out
' has not changed.
(rerunfilecheck)             Checksum: 5AE239C6ADA8FFB7D0DD1EB287D80BD3;4420.
 ) 
Here is how much of TeX's memory you used:
 17433 strings out of 479324
 315619 string characters out of 5876220
 764115 words of memory out of 5000000
 36598 multiletter control sequences out of 15000+600000
 409953 words of font info for 89 fonts, out of 8000000 for 9000
 14 hyphenation exceptions out of 8191
 94i,9n,118p,1380b,535s stack positions out of 5000i,500n,10000p,200000b,80000s

Output written on Computational-Probability-and-Statistics.pdf (92 pages).
